<?xml version="1.0" encoding="UTF-8"?>
<!-- Generated by org.testng.reporters.JUnitReportReporter -->
<testsuite hostname="C02D6F1HMD6M" name="com.expoplatform.web.runner.CucumberTest" tests="3" failures="0" timestamp="6 May 2022 12:28:57 GMT" time="7.966" errors="0">
  <testcase name="login" time="2.011" classname="com.expoplatform.web.runner.CucumberTest"/>
  <testcase name="login" time="1.719" classname="com.expoplatform.web.runner.CucumberTest"/>
  <testcase name="login" time="4.236" classname="com.expoplatform.web.runner.CucumberTest"/>
</testsuite> <!-- com.expoplatform.web.runner.CucumberTest -->
